repo-master/plat/app/suta/andi/build/outputs/logs/manifest-merger-debug-report.txt
-- Merging decision tree log ---
manifest
ADDED from AndroidManifest.xml:2:1
	xmlns:tools
		ADDED from AndroidManifest.xml:3:5
	xmlns:android
		ADDED from AndroidManifest.xml:2:11
	package
		ADDED from AndroidManifest.xml:4:5
	android:versionName
		ADDED from AndroidManifest.xml:6:5
	android:versionCode
		ADDED from AndroidManifest.xml:5:5
		INJECTED from AndroidManifest.xml:0:0
		INJECTED from AndroidManifest.xml:0:0
uses-sdk
ADDED from AndroidManifest.xml:8:5
MERGED from repo-master.plat.base:andi:unspecified:7:5
	android:targetSdkVersion
		ADDED from AndroidManifest.xml:10:9
	android:minSdkVersion
		ADDED from AndroidManifest.xml:9:9
permission#in.swifiic.plat.app.suta.andi.USER
ADDED from AndroidManifest.xml:12:5
	android:name
		ADDED from AndroidManifest.xml:12:17
uses-permission#de.tubs.ibr.dtn.permission.DTN_COMMUNICATION
ADDED from AndroidManifest.xml:14:5
MERGED from repo-master.plat.base:andi:unspecified:11:5
	android:name
		ADDED from AndroidManifest.xml:14:22
uses-permission#android.permission.WRITE_EXTERNAL_STORAGE
ADDED from AndroidManifest.xml:15:5
MERGED from repo-master.plat.base:andi:unspecified:13:5
	android:name
		ADDED from AndroidManifest.xml:15:22
uses-permission#android.permission.RECEIVE_BOOT_COMPLETED
ADDED from AndroidManifest.xml:16:2
	android:name
		ADDED from AndroidManifest.xml:16:19
uses-permission#android.permission.ACCESS_NETWORK_STATE
ADDED from AndroidManifest.xml:17:2
	android:name
		ADDED from AndroidManifest.xml:17:19
uses-permission#android.permission.INTERNET
ADDED from AndroidManifest.xml:18:2
	android:name
		ADDED from AndroidManifest.xml:18:19
uses-permission#android.permission.ACCESS_FINE_LOCATION
ADDED from AndroidManifest.xml:19:2
	android:name
		ADDED from AndroidManifest.xml:19:19
uses-permission#android.permission.ACCESS_MOCK_LOCATION
ADDED from AndroidManifest.xml:20:3
	android:name
		ADDED from AndroidManifest.xml:20:20
uses-permission#android.permission.ACCESS_COARSE_LOCATION
ADDED from AndroidManifest.xml:21:2
	android:name
		ADDED from AndroidManifest.xml:21:19
uses-permission#android.permission.GET_TASKS
ADDED from AndroidManifest.xml:22:2
	android:name
		ADDED from AndroidManifest.xml:22:19
uses-permission#android.permission.READ_PHONE_STATE
ADDED from AndroidManifest.xml:23:2
	android:name
		ADDED from AndroidManifest.xml:23:19
uses-permission#android.permission.ACCESS_WIFI_STATE
ADDED from AndroidManifest.xml:24:2
	android:name
		ADDED from AndroidManifest.xml:24:19
application
ADDED from AndroidManifest.xml:29:5
MERGED from repo-master.plat.base:andi:unspecified:15:5
	android:label
		ADDED from AndroidManifest.xml:32:9
	android:allowBackup
		ADDED from AndroidManifest.xml:30:9
	android:icon
		ADDED from AndroidManifest.xml:31:9
	android:theme
		ADDED from AndroidManifest.xml:33:9
activity#in.swifiic.plat.app.suta.andi.MainActivity
ADDED from AndroidManifest.xml:34:9
	android:label
		ADDED from AndroidManifest.xml:36:13
	android:name
		ADDED from AndroidManifest.xml:35:13
intent-filter#android.intent.action.MAIN+android.intent.category.LAUNCHER
ADDED from AndroidManifest.xml:37:13
action#android.intent.action.MAIN
ADDED from AndroidManifest.xml:38:17
	android:name
		ADDED from AndroidManifest.xml:38:25
category#android.intent.category.LAUNCHER
ADDED from AndroidManifest.xml:39:17
	android:name
		ADDED from AndroidManifest.xml:39:27
activity#in.swifiic.plat.app.suta.andi.mgmt.ErrorNotifyActivity
ADDED from AndroidManifest.xml:42:9
	android:label
		ADDED from AndroidManifest.xml:42:89
	android:name
		ADDED from AndroidManifest.xml:42:19
receiver#in.swifiic.plat.app.suta.andi.mgmt.MyStartupIntentReceiver
ADDED from AndroidManifest.xml:43:9
	android:name
		ADDED from AndroidManifest.xml:43:19
intent-filter#android.intent.action.BOOT_COMPLETED+android.intent.category.HOME
ADDED from AndroidManifest.xml:44:4
action#android.intent.action.BOOT_COMPLETED
ADDED from AndroidManifest.xml:45:5
	android:name
		ADDED from AndroidManifest.xml:45:13
category#android.intent.category.HOME
ADDED from AndroidManifest.xml:46:5
	android:name
		ADDED from AndroidManifest.xml:46:15
service#in.swifiic.plat.app.suta.andi.mgmt.TrackService
ADDED from AndroidManifest.xml:50:3
	android:enabled
		ADDED from AndroidManifest.xml:50:12
	android:name
		ADDED from AndroidManifest.xml:50:35
intent-filter#in.swifiic.plat.app.suta.andi.mgmt.TrackService
ADDED from AndroidManifest.xml:51:4
action#in.swifiic.plat.app.suta.andi.mgmt.TrackService
ADDED from AndroidManifest.xml:52:5
	android:name
		ADDED from AndroidManifest.xml:52:13
service#in.swifiic.plat.helper.andi.GenericService
ADDED from AndroidManifest.xml:56:9
MERGED from repo-master.plat.base:andi:unspecified:20:9
	android:name
		ADDED from AndroidManifest.xml:56:18
activity#in.swifiic.plat.app.suta.andi.SettingsActivity
ADDED from AndroidManifest.xml:58:9
	android:label
		ADDED from AndroidManifest.xml:60:13
	android:parentActivityName
		ADDED from AndroidManifest.xml:61:13
	android:name
		ADDED from AndroidManifest.xml:59:13
meta-data#android.support.PARENT_ACTIVITY
ADDED from AndroidManifest.xml:62:13
	android:name
		ADDED from AndroidManifest.xml:63:17
	android:value
		ADDED from AndroidManifest.xml:64:17
activity#in.swifiic.plat.helper.andi.ui.UserChooserActivity
ADDED from AndroidManifest.xml:67:9
MERGED from repo-master.plat.base:andi:unspecified:16:9
	android:screenOrientation
		ADDED from AndroidManifest.xml:70:13
	android:label
		ADDED from AndroidManifest.xml:69:13
		REJECTED from repo-master.plat.base:andi:unspecified:18:13
	tools:replace
		ADDED from AndroidManifest.xml:67:19
	android:name
		ADDED from AndroidManifest.xml:68:13
provider#in.swifiic.plat.app.suta.andi.provider.Provider
ADDED from AndroidManifest.xml:72:9
	android:exported
		ADDED from AndroidManifest.xml:75:13
	android:authorities
		ADDED from AndroidManifest.xml:74:13
	android:permission
		ADDED from AndroidManifest.xml:76:13
	android:name
		ADDED from AndroidManifest.xml:73:13
receiver#in.swifiic.plat.helper.andi.IBRDtnReceiver
ADDED from AndroidManifest.xml:78:9
MERGED from repo-master.plat.base:andi:unspecified:23:9
	android:exported
		ADDED from AndroidManifest.xml:81:13
	android:enabled
		ADDED from AndroidManifest.xml:80:13
	android:permission
		ADDED from AndroidManifest.xml:82:13
	android:name
		ADDED from AndroidManifest.xml:79:13
intent-filter#de.tubs.ibr.dtn.intent.RECEIVE+in.swifiic.plat.app.suta.andi
ADDED from AndroidManifest.xml:85:13
action#de.tubs.ibr.dtn.intent.RECEIVE
ADDED from AndroidManifest.xml:86:17
	android:name
		ADDED from AndroidManifest.xml:86:25
category#in.swifiic.plat.app.suta.andi
ADDED from AndroidManifest.xml:88:17
	android:name
		ADDED from AndroidManifest.xml:88:27
intent-filter#de.tubs.ibr.dtn.intent.STATUS_REPORT+in.swifiic.plat.app.suta.andi
ADDED from AndroidManifest.xml:91:13
action#de.tubs.ibr.dtn.intent.STATUS_REPORT
ADDED from AndroidManifest.xml:92:17
	android:name
		ADDED from AndroidManifest.xml:92:25
receiver#in.swifiic.plat.app.suta.andi.NewMessageReceiver
ADDED from AndroidManifest.xml:98:9
	android:name
		ADDED from AndroidManifest.xml:98:19
intent-filter#in.swifiic.app.DATA_RECEIVED
ADDED from AndroidManifest.xml:99:13
action#in.swifiic.app.DATA_RECEIVED
ADDED from AndroidManifest.xml:100:17
	android:name
		ADDED from AndroidManifest.xml:100:25
uses-permission#in.swifiic.plat.app.suta.andi.USER
ADDED from repo-master.plat.base:andi:unspecified:12:5
	android:name
		ADDED from repo-master.plat.base:andi:unspecified:12:22
intent-filter#de.tubs.ibr.dtn.intent.RECEIVE
ADDED from repo-master.plat.base:andi:unspecified:30:13
intent-filter#de.tubs.ibr.dtn.intent.STATUS_REPORT
ADDED from repo-master.plat.base:andi:unspecified:34:13
receiver#in.swifiic.plat.helper.andi.HubAddressReceiver
ADDED from repo-master.plat.base:andi:unspecified:38:9
	android:name
		ADDED from repo-master.plat.base:andi:unspecified:38:19
intent-filter#swifiic.suta.hubAddressUpdate
ADDED from repo-master.plat.base:andi:unspecified:39:13
action#swifiic.suta.hubAddressUpdate
ADDED from repo-master.plat.base:andi:unspecified:40:17
	android:name
		ADDED from repo-master.plat.base:andi:unspecified:40:25